{
  "stats": {
    "suites": 1,
    "tests": 1,
    "passes": 1,
    "pending": 0,
    "failures": 0,
    "start": "2023-08-22T06:23:28.881Z",
    "end": "2023-08-22T06:23:40.856Z",
    "duration": 11975,
    "testsRegistered": 1,
    "passPercent": 100,
    "pendingPercent": 0,
    "other": 0,
    "hasOther": false,
    "skipped": 0,
    "hasSkipped": false
  },
  "results": [
    {
      "uuid": "3cd73f19-f922-4385-afb6-c096f119aa36",
      "title": "",
      "fullFile": "cypress\\integration\\additionaltestcases\\HandleWindows.ts",
      "file": "cypress\\integration\\additionaltestcases\\HandleWindows.ts",
      "beforeHooks": [],
      "afterHooks": [],
      "tests": [],
      "suites": [
        {
          "uuid": "9e1b9852-6d93-462a-a83c-eaaefaf48740",
          "title": "BMS Demo Test Suite",
          "fullFile": "",
          "file": "",
          "beforeHooks": [],
          "afterHooks": [],
          "tests": [
            {
              "title": "Handle new window",
              "fullTitle": "BMS Demo Test Suite Handle new window",
              "timedOut": null,
              "duration": 9010,
              "state": "passed",
              "speed": "medium",
              "pass": true,
              "fail": false,
              "pending": false,
              "context": null,
              "code": "window.openPage();\nwindow.openNewTab();\nwindow.verifyNewTab();",
              "err": {},
              "uuid": "76df4ec4-6a59-4baf-81fa-f77fc495b932",
              "parentUUID": "9e1b9852-6d93-462a-a83c-eaaefaf48740",
              "isHook": false,
              "skipped": false
            }
          ],
          "suites": [],
          "passes": [
            "76df4ec4-6a59-4baf-81fa-f77fc495b932"
          ],
          "failures": [],
          "pending": [],
          "skipped": [],
          "duration": 9010,
          "root": false,
          "rootEmpty": false,
          "_timeout": 2000
        }
      ],
      "passes": [],
      "failures": [],
      "pending": [],
      "skipped": [],
      "duration": 0,
      "root": true,
      "rootEmpty": true,
      "_timeout": 2000
    }
  ],
  "meta": {
    "mocha": {
      "version": "7.0.1"
    },
    "mochawesome": {
      "options": {
        "quiet": false,
        "reportFilename": "mochawesome",
        "saveHtml": true,
        "saveJson": true,
        "consoleReporter": "spec",
        "useInlineDiffs": false,
        "code": true
      },
      "version": "7.1.3"
    },
    "marge": {
      "options": {
        "autoOpen": true,
        "showPassed": false,
        "overWrite": true,
        "reportPageTitle": "DemoBlaze-Report",
        "reportDir": "TestReport"
      },
      "version": "6.2.0"
    }
  }
}